<?xml version="1.0" encoding="UTF-8"?>
<!-- Generated by org.testng.reporters.JUnitReportReporter -->
<testsuite hostname="Sai-PC" name="day28.TestCase2" tests="1" failures="0" timestamp="13 May 2016 03:31:38 GMT" time="38.092" errors="0">
  <testcase name="registrationTest" time="38.092" classname="day28.TestCase2"/>
</testsuite> <!-- day28.TestCase2 -->
