<?xml version="1.0" encoding="UTF-8"?>
<!-- Generated by org.testng.reporters.JUnitReportReporter -->
<testsuite hostname="Sai-PC" name="day24.testsuite.FindAFlight" tests="1" failures="0" timestamp="6 May 2016 03:32:00 GMT" time="1.997" errors="0">
  <testcase name="findAFlightTest" time="1.997" classname="day24.testsuite.FindAFlight"/>
</testsuite> <!-- day24.testsuite.FindAFlight -->
