<?xml version="1.0" encoding="UTF-8"?>
<!-- Generated by org.testng.reporters.JUnitReportReporter -->
<testsuite hostname="Sai-PC" name="day16.ExplicitWait_WebDriverwait" tests="1" failures="0" timestamp="26 Apr 2016 02:53:42 GMT" time="11.347" errors="0">
  <testcase name="waitTest" time="11.347" classname="day16.ExplicitWait_WebDriverwait"/>
</testsuite> <!-- day16.ExplicitWait_WebDriverwait -->
