<?xml version="1.0" encoding="UTF-8"?>
<!-- Generated by org.testng.reporters.JUnitReportReporter -->
<testsuite hostname="Sai-PC" name="day19.WebTableTesting1" tests="1" failures="0" timestamp="30 Apr 2016 04:42:07 GMT" time="21.088" errors="0">
  <testcase name="webTableTest" time="21.088" classname="day19.WebTableTesting1"/>
</testsuite> <!-- day19.WebTableTesting1 -->
