<?xml version="1.0" encoding="UTF-8"?>
<!-- Generated by org.testng.reporters.JUnitReportReporter -->
<testsuite hostname="Sai-PC" name="day25.LinksOnGrid" tests="2" failures="0" timestamp="7 May 2016 05:05:18 GMT" time="112.151" errors="0">
  <testcase name="linkTest" time="64.704" classname="day25.LinksOnGrid"/>
  <testcase name="linkTest" time="47.447" classname="day25.LinksOnGrid"/>
</testsuite> <!-- day25.LinksOnGrid -->
