<?xml version="1.0" encoding="UTF-8"?>
<!-- Generated by org.testng.reporters.JUnitReportReporter -->
<testsuite hostname="Sai-PC" name="day13.Sample" tests="2" failures="0" timestamp="22 Apr 2016 02:50:52 GMT" time="0.070" errors="0">
  <testcase name="registration" time="0.050" classname="day13.Sample"/>
  <testcase name="loginTest" time="0.020" classname="day13.Sample"/>
</testsuite> <!-- day13.Sample -->
