<?xml version="1.0" encoding="UTF-8"?>
<!-- Generated by org.testng.reporters.JUnitReportReporter -->
<testsuite hostname="Sai-PC" name="day19.DynamicWebTable" tests="2" failures="0" timestamp="30 Apr 2016 05:20:14 GMT" time="51.062" errors="0">
  <testcase name="loginTest" time="6.435" classname="day19.DynamicWebTable"/>
  <testcase name="empListWebTable" time="44.627" classname="day19.DynamicWebTable"/>
</testsuite> <!-- day19.DynamicWebTable -->
