<?xml version="1.0" encoding="UTF-8"?>
<!-- Generated by org.testng.reporters.JUnitReportReporter -->
<testsuite hostname="Sai-PC" name="day22.DatadrivenTesting2" tests="1" failures="0" timestamp="5 May 2016 02:14:08 GMT" time="28.502" errors="0">
  <testcase name="linkTest" time="28.502" classname="day22.DatadrivenTesting2"/>
</testsuite> <!-- day22.DatadrivenTesting2 -->
