<?xml version="1.0" encoding="UTF-8"?>
<!-- Generated by org.testng.reporters.JUnitReportReporter -->
<testsuite hostname="Sai-PC" name="day18.SelectClassExample" tests="1" failures="0" timestamp="29 Apr 2016 03:07:01 GMT" time="8.000" errors="0">
  <testcase name="dropdownTest" time="8.000" classname="day18.SelectClassExample"/>
</testsuite> <!-- day18.SelectClassExample -->
