<?xml version="1.0" encoding="UTF-8"?>
<!-- Generated by org.testng.reporters.JUnitReportReporter -->
<testsuite hostname="Sai-PC" name="day19.MouseHover" tests="1" failures="0" timestamp="30 Apr 2016 02:52:32 GMT" time="3.848" errors="0">
  <testcase name="mouseHoverTest" time="3.848" classname="day19.MouseHover"/>
</testsuite> <!-- day19.MouseHover -->
