<?xml version="1.0" encoding="UTF-8"?>
<!-- Generated by org.testng.reporters.JUnitReportReporter -->
<testsuite hostname="Sai-PC" name="day13.Xpaths" tests="1" failures="0" timestamp="22 Apr 2016 03:26:48 GMT" time="13.321" errors="0">
  <testcase name="xpathTest" time="13.321" classname="day13.Xpaths"/>
</testsuite> <!-- day13.Xpaths -->
