<?xml version="1.0" encoding="UTF-8"?>
<!-- Generated by org.testng.reporters.JUnitReportReporter -->
<testsuite hostname="Sai-PC" name="day24.testsuite.BookAFlight" tests="1" failures="0" timestamp="6 May 2016 03:32:00 GMT" time="2.097" errors="0">
  <testcase name="bookFlightTest" time="2.097" classname="day24.testsuite.BookAFlight"/>
</testsuite> <!-- day24.testsuite.BookAFlight -->
