<?xml version="1.0" encoding="UTF-8"?>
<!-- Generated by org.testng.reporters.JUnitReportReporter -->
<testsuite hostname="Sai-PC" name="day19.AjaxTesting" tests="1" failures="0" timestamp="30 Apr 2016 04:22:26 GMT" time="2.973" errors="0">
  <testcase name="ajaxTest" time="2.973" classname="day19.AjaxTesting"/>
</testsuite> <!-- day19.AjaxTesting -->
