<?xml version="1.0" encoding="UTF-8"?>
<!-- Generated by org.testng.reporters.JUnitReportReporter -->
<testsuite hostname="Sai-PC" name="day24.testsuite.FlightConfirmation" tests="1" failures="0" timestamp="6 May 2016 03:31:59 GMT" time="0.183" errors="0">
  <testcase name="flightConfrim" time="0.183" classname="day24.testsuite.FlightConfirmation"/>
</testsuite> <!-- day24.testsuite.FlightConfirmation -->
