<?xml version="1.0" encoding="UTF-8"?>
<!-- Generated by org.testng.reporters.JUnitReportReporter -->
<testsuite hostname="Sai-PC" name="day17.CookiesTesting" tests="1" failures="0" timestamp="27 Apr 2016 03:17:19 GMT" time="16.296" errors="0">
  <testcase name="cookiesTest" time="16.296" classname="day17.CookiesTesting"/>
</testsuite> <!-- day17.CookiesTesting -->
