<?xml version="1.0" encoding="UTF-8"?>
<!-- Generated by org.testng.reporters.JUnitReportReporter -->
<testsuite hostname="Sai-PC" name="day15.RadioButtonsTesting2" tests="1" failures="0" timestamp="25 Apr 2016 03:15:00 GMT" time="20.847" errors="0">
  <testcase name="radioButtonsTest" time="20.847" classname="day15.RadioButtonsTesting2"/>
</testsuite> <!-- day15.RadioButtonsTesting2 -->
