<?xml version="1.0" encoding="UTF-8"?>
<!-- Generated by org.testng.reporters.JUnitReportReporter -->
<testsuite hostname="Sai-PC" name="day24.testsuite.SelectaFlight" tests="1" failures="0" timestamp="6 May 2016 03:32:00 GMT" time="2.902" errors="0">
  <testcase name="selectFlightTest" time="2.902" classname="day24.testsuite.SelectaFlight"/>
</testsuite> <!-- day24.testsuite.SelectaFlight -->
