<?xml version="1.0" encoding="UTF-8"?>
<!-- Generated by org.testng.reporters.JUnitReportReporter -->
<testsuite hostname="Sai-PC" name="day13.XpathCreation2" tests="1" failures="0" timestamp="22 Apr 2016 03:08:08 GMT" time="5.982" errors="0">
  <testcase name="xpathTest" time="5.982" classname="day13.XpathCreation2"/>
</testsuite> <!-- day13.XpathCreation2 -->
