<?xml version="1.0" encoding="UTF-8"?>
<!-- Generated by org.testng.reporters.JUnitReportReporter -->
<testsuite hostname="Sai-PC" name="day16.ExplicitWait_FluentWait" tests="1" failures="0" timestamp="26 Apr 2016 03:22:37 GMT" time="6.815" errors="0">
  <testcase name="waitTest" time="6.815" classname="day16.ExplicitWait_FluentWait"/>
</testsuite> <!-- day16.ExplicitWait_FluentWait -->
