<?xml version="1.0" encoding="UTF-8"?>
<!-- Generated by org.testng.reporters.JUnitReportReporter -->
<testsuite hostname="Sai-PC" name="day28.TestCases1" tests="1" failures="0" timestamp="13 May 2016 02:57:45 GMT" time="49.601" errors="0">
  <testcase name="loginTest" time="49.601" classname="day28.TestCases1"/>
</testsuite> <!-- day28.TestCases1 -->
