<?xml version="1.0" encoding="UTF-8"?>
<!-- Generated by org.testng.reporters.JUnitReportReporter -->
<testsuite hostname="Sai-PC" name="day23.Login" tests="1" failures="0" timestamp="5 May 2016 03:38:39 GMT" time="22.353" errors="0">
  <testcase name="logoinTest" time="22.353" classname="day23.Login"/>
</testsuite> <!-- day23.Login -->
