<?xml version="1.0" encoding="UTF-8"?>
<!-- Generated by org.testng.reporters.JUnitReportReporter -->
<testsuite hostname="Sai-PC" name="day22.DatadrivenTesting1" tests="1" failures="0" timestamp="4 May 2016 02:53:46 GMT" time="61.850" errors="0">
  <testcase name="linkTest" time="61.850" classname="day22.DatadrivenTesting1"/>
</testsuite> <!-- day22.DatadrivenTesting1 -->
