<?xml version="1.0" encoding="UTF-8"?>
<!-- Generated by org.testng.reporters.JUnitReportReporter -->
<testsuite hostname="Sai-PC" name="day23.DatadrivenTesting3" tests="1" failures="0" timestamp="5 May 2016 02:29:12 GMT" time="17.438" errors="0">
  <testcase name="linkTest" time="17.438" classname="day23.DatadrivenTesting3"/>
</testsuite> <!-- day23.DatadrivenTesting3 -->
