<?xml version="1.0" encoding="UTF-8"?>
<!-- Generated by org.testng.reporters.JUnitReportReporter -->
<testsuite hostname="Sai-PC" name="day15.RadioButtonsTesting1" tests="1" failures="0" timestamp="25 Apr 2016 02:47:22 GMT" time="17.031" errors="0">
  <testcase name="radioButtonsTest" time="17.031" classname="day15.RadioButtonsTesting1"/>
</testsuite> <!-- day15.RadioButtonsTesting1 -->
