<?xml version="1.0" encoding="UTF-8"?>
<!-- Generated by org.testng.reporters.JUnitReportReporter -->
<testsuite hostname="Sai-PC" name="day19.SliderAutomation" tests="1" failures="0" timestamp="30 Apr 2016 03:29:31 GMT" time="3.011" errors="0">
  <testcase name="sliderTest" time="3.011" classname="day19.SliderAutomation"/>
</testsuite> <!-- day19.SliderAutomation -->
