<?xml version="1.0" encoding="UTF-8"?>
<!-- Generated by org.testng.reporters.JUnitReportReporter -->
<testsuite hostname="Sai-PC" name="day14.InputFields" tests="1" failures="0" timestamp="23 Apr 2016 02:33:09 GMT" time="2.946" errors="0">
  <testcase name="inputFiledsTest" time="2.946" classname="day14.InputFields"/>
</testsuite> <!-- day14.InputFields -->
