<?xml version="1.0" encoding="UTF-8"?>
<!-- Generated by org.testng.reporters.JUnitReportReporter -->
<testsuite hostname="Sai-PC" name="day14.DynamicCSSSelectors" tests="1" failures="0" timestamp="23 Apr 2016 03:21:59 GMT" time="10.954" errors="0">
  <testcase name="cssTest" time="10.954" classname="day14.DynamicCSSSelectors"/>
</testsuite> <!-- day14.DynamicCSSSelectors -->
