<?xml version="1.0" encoding="UTF-8"?>
<!-- Generated by org.testng.reporters.JUnitReportReporter -->
<testsuite hostname="Sai-PC" name="day20.Calander_Webtable" tests="1" failures="0" timestamp="2 May 2016 02:46:22 GMT" time="52.205" errors="0">
  <testcase name="calanderTest" time="52.205" classname="day20.Calander_Webtable"/>
</testsuite> <!-- day20.Calander_Webtable -->
