<?xml version="1.0" encoding="UTF-8"?>
<!-- Generated by org.testng.reporters.JUnitReportReporter -->
<testsuite hostname="Sai-PC" name="day19.WebTableTesting2" tests="1" failures="0" timestamp="30 Apr 2016 04:57:27 GMT" time="43.025" errors="0">
  <testcase name="webTableTest" time="43.025" classname="day19.WebTableTesting2"/>
</testsuite> <!-- day19.WebTableTesting2 -->
