<?xml version="1.0" encoding="UTF-8"?>
<!-- Generated by org.testng.reporters.JUnitReportReporter -->
<testsuite hostname="Sai-PC" name="day16.ImplicitWaitExample" tests="1" failures="0" timestamp="26 Apr 2016 02:40:07 GMT" time="5.910" errors="0">
  <testcase name="waitTest" time="5.910" classname="day16.ImplicitWaitExample"/>
</testsuite> <!-- day16.ImplicitWaitExample -->
