<?xml version="1.0" encoding="UTF-8"?>
<!-- Generated by org.testng.reporters.JUnitReportReporter -->
<testsuite hostname="Sai-PC" name="day19.RightClick" tests="1" failures="0" timestamp="30 Apr 2016 02:36:04 GMT" time="3.434" errors="0">
  <testcase name="rightClickTest" time="3.434" classname="day19.RightClick"/>
</testsuite> <!-- day19.RightClick -->
