<?xml version="1.0" encoding="UTF-8"?>
<!-- Generated by org.testng.reporters.JUnitReportReporter -->
<testsuite hostname="Sai-PC" name="day19.DragandDrop" tests="1" failures="0" timestamp="30 Apr 2016 03:11:37 GMT" time="4.739" errors="0">
  <testcase name="dragAndDropTest" time="4.739" classname="day19.DragandDrop"/>
</testsuite> <!-- day19.DragandDrop -->
